{"/Users/amaansiddique/Downloads/Energise_fitness/backend/middleware/auth.js": {"path":"/Users/amaansiddique/Downloads/Energise_fitness/backend/middleware/auth.js","statementMap":{"0":{"start":{"line":1,"column":12},"end":{"line":1,"column":35}},"1":{"start":{"line":3,"column":0},"end":{"line":21,"column":2}},"2":{"start":{"line":4,"column":2},"end":{"line":20,"column":3}},"3":{"start":{"line":5,"column":23},"end":{"line":5,"column":78}},"4":{"start":{"line":6,"column":4},"end":{"line":6,"column":93}},"5":{"start":{"line":6,"column":21},"end":{"line":6,"column":93}},"6":{"start":{"line":8,"column":18},"end":{"line":8,"column":39}},"7":{"start":{"line":9,"column":18},"end":{"line":9,"column":85}},"8":{"start":{"line":10,"column":4},"end":{"line":10,"column":88}},"9":{"start":{"line":10,"column":16},"end":{"line":10,"column":88}},"10":{"start":{"line":12,"column":19},"end":{"line":12,"column":53}},"11":{"start":{"line":13,"column":20},"end":{"line":13,"column":45}},"12":{"start":{"line":15,"column":4},"end":{"line":15,"column":56}},"13":{"start":{"line":16,"column":4},"end":{"line":16,"column":11}},"14":{"start":{"line":18,"column":4},"end":{"line":18,"column":64}},"15":{"start":{"line":19,"column":4},"end":{"line":19,"column":76}}},"fnMap":{"0":{"name":"(anonymous_0)","decl":{"start":{"line":3,"column":17},"end":{"line":3,"column":18}},"loc":{"start":{"line":3,"column":49},"end":{"line":21,"column":1}},"line":3}},"branchMap":{"0":{"loc":{"start":{"line":5,"column":23},"end":{"line":5,"column":78}},"type":"binary-expr","locations":[{"start":{"line":5,"column":23},"end":{"line":5,"column":48}},{"start":{"line":5,"column":52},"end":{"line":5,"column":78}}],"line":5},"1":{"loc":{"start":{"line":6,"column":4},"end":{"line":6,"column":93}},"type":"if","locations":[{"start":{"line":6,"column":4},"end":{"line":6,"column":93}},{"start":{},"end":{}}],"line":6},"2":{"loc":{"start":{"line":9,"column":18},"end":{"line":9,"column":85}},"type":"cond-expr","locations":[{"start":{"line":9,"column":64},"end":{"line":9,"column":72}},{"start":{"line":9,"column":75},"end":{"line":9,"column":85}}],"line":9},"3":{"loc":{"start":{"line":9,"column":18},"end":{"line":9,"column":61}},"type":"binary-expr","locations":[{"start":{"line":9,"column":18},"end":{"line":9,"column":36}},{"start":{"line":9,"column":40},"end":{"line":9,"column":61}}],"line":9},"4":{"loc":{"start":{"line":10,"column":4},"end":{"line":10,"column":88}},"type":"if","locations":[{"start":{"line":10,"column":4},"end":{"line":10,"column":88}},{"start":{},"end":{}}],"line":10},"5":{"loc":{"start":{"line":12,"column":19},"end":{"line":12,"column":53}},"type":"binary-expr","locations":[{"start":{"line":12,"column":19},"end":{"line":12,"column":41}},{"start":{"line":12,"column":45},"end":{"line":12,"column":53}}],"line":12},"6":{"loc":{"start":{"line":18,"column":44},"end":{"line":18,"column":62}},"type":"binary-expr","locations":[{"start":{"line":18,"column":44},"end":{"line":18,"column":47}},{"start":{"line":18,"column":51},"end":{"line":18,"column":62}}],"line":18}},"s":{"0":0,"1":0,"2":0,"3":0,"4":0,"5":0,"6":0,"7":0,"8":0,"9":0,"10":0,"11":0,"12":0,"13":0,"14":0,"15":0},"f":{"0":0},"b":{"0":[0,0],"1":[0,0],"2":[0,0],"3":[0,0],"4":[0,0],"5":[0,0],"6":[0,0]}}
,"/Users/amaansiddique/Downloads/Energise_fitness/backend/models/User.js": {"path":"/Users/amaansiddique/Downloads/Energise_fitness/backend/models/User.js","statementMap":{"0":{"start":{"line":1,"column":17},"end":{"line":1,"column":36}},"1":{"start":{"line":3,"column":19},"end":{"line":8,"column":24}},"2":{"start":{"line":11,"column":0},"end":{"line":11,"column":76}}},"fnMap":{},"branchMap":{"0":{"loc":{"start":{"line":11,"column":17},"end":{"line":11,"column":75}},"type":"binary-expr","locations":[{"start":{"line":11,"column":17},"end":{"line":11,"column":37}},{"start":{"line":11,"column":41},"end":{"line":11,"column":75}}],"line":11}},"s":{"0":0,"1":0,"2":0},"f":{},"b":{"0":[0,0]}}
,"/Users/amaansiddique/Downloads/Energise_fitness/backend/models/contact.js": {"path":"/Users/amaansiddique/Downloads/Energise_fitness/backend/models/contact.js","statementMap":{"0":{"start":{"line":1,"column":17},"end":{"line":1,"column":36}},"1":{"start":{"line":3,"column":22},"end":{"line":10,"column":2}},"2":{"start":{"line":12,"column":0},"end":{"line":12,"column":58}}},"fnMap":{},"branchMap":{},"s":{"0":0,"1":0,"2":0},"f":{},"b":{}}
,"/Users/amaansiddique/Downloads/Energise_fitness/backend/models/order.js": {"path":"/Users/amaansiddique/Downloads/Energise_fitness/backend/models/order.js","statementMap":{"0":{"start":{"line":1,"column":17},"end":{"line":1,"column":36}},"1":{"start":{"line":3,"column":20},"end":{"line":23,"column":2}},"2":{"start":{"line":25,"column":0},"end":{"line":25,"column":54}}},"fnMap":{},"branchMap":{},"s":{"0":0,"1":0,"2":0},"f":{},"b":{}}
,"/Users/amaansiddique/Downloads/Energise_fitness/backend/models/subscription.js": {"path":"/Users/amaansiddique/Downloads/Energise_fitness/backend/models/subscription.js","statementMap":{"0":{"start":{"line":2,"column":17},"end":{"line":2,"column":36}},"1":{"start":{"line":4,"column":27},"end":{"line":15,"column":24}},"2":{"start":{"line":17,"column":0},"end":{"line":17,"column":100}}},"fnMap":{},"branchMap":{"0":{"loc":{"start":{"line":17,"column":17},"end":{"line":17,"column":99}},"type":"binary-expr","locations":[{"start":{"line":17,"column":17},"end":{"line":17,"column":45}},{"start":{"line":17,"column":49},"end":{"line":17,"column":99}}],"line":17}},"s":{"0":0,"1":0,"2":0},"f":{},"b":{"0":[0,0]}}
,"/Users/amaansiddique/Downloads/Energise_fitness/backend/routes/OrderRoutes.js": {"path":"/Users/amaansiddique/Downloads/Energise_fitness/backend/routes/OrderRoutes.js","statementMap":{"0":{"start":{"line":1,"column":16},"end":{"line":1,"column":34}},"1":{"start":{"line":2,"column":15},"end":{"line":2,"column":31}},"2":{"start":{"line":3,"column":14},"end":{"line":3,"column":40}},"3":{"start":{"line":4,"column":13},"end":{"line":4,"column":42}},"4":{"start":{"line":9,"column":0},"end":{"line":48,"column":3}},"5":{"start":{"line":10,"column":2},"end":{"line":47,"column":3}},"6":{"start":{"line":14,"column":8},"end":{"line":14,"column":16}},"7":{"start":{"line":17,"column":22},"end":{"line":28,"column":5}},"8":{"start":{"line":31,"column":4},"end":{"line":37,"column":5}},"9":{"start":{"line":32,"column":18},"end":{"line":32,"column":49}},"10":{"start":{"line":34,"column":6},"end":{"line":34,"column":42}},"11":{"start":{"line":35,"column":6},"end":{"line":35,"column":58}},"12":{"start":{"line":35,"column":23},"end":{"line":35,"column":58}},"13":{"start":{"line":36,"column":6},"end":{"line":36,"column":55}},"14":{"start":{"line":36,"column":22},"end":{"line":36,"column":55}},"15":{"start":{"line":39,"column":18},"end":{"line":39,"column":38}},"16":{"start":{"line":40,"column":4},"end":{"line":40,"column":23}},"17":{"start":{"line":43,"column":4},"end":{"line":43,"column":82}},"18":{"start":{"line":45,"column":4},"end":{"line":45,"column":45}},"19":{"start":{"line":46,"column":4},"end":{"line":46,"column":61}},"20":{"start":{"line":50,"column":0},"end":{"line":50,"column":24}},"21":{"start":{"line":54,"column":0},"end":{"line":63,"column":3}},"22":{"start":{"line":55,"column":2},"end":{"line":62,"column":3}},"23":{"start":{"line":56,"column":4},"end":{"line":56,"column":83}},"24":{"start":{"line":56,"column":21},"end":{"line":56,"column":83}},"25":{"start":{"line":57,"column":19},"end":{"line":57,"column":81}},"26":{"start":{"line":58,"column":4},"end":{"line":58,"column":25}},"27":{"start":{"line":60,"column":4},"end":{"line":60,"column":56}},"28":{"start":{"line":61,"column":4},"end":{"line":61,"column":54}}},"fnMap":{"0":{"name":"(anonymous_0)","decl":{"start":{"line":9,"column":23},"end":{"line":9,"column":24}},"loc":{"start":{"line":9,"column":43},"end":{"line":48,"column":1}},"line":9},"1":{"name":"(anonymous_1)","decl":{"start":{"line":54,"column":26},"end":{"line":54,"column":27}},"loc":{"start":{"line":54,"column":46},"end":{"line":63,"column":1}},"line":54}},"branchMap":{"0":{"loc":{"start":{"line":31,"column":4},"end":{"line":37,"column":5}},"type":"if","locations":[{"start":{"line":31,"column":4},"end":{"line":37,"column":5}},{"start":{},"end":{}}],"line":31},"1":{"loc":{"start":{"line":31,"column":8},"end":{"line":31,"column":75}},"type":"binary-expr","locations":[{"start":{"line":31,"column":8},"end":{"line":31,"column":32}},{"start":{"line":31,"column":36},"end":{"line":31,"column":40}},{"start":{"line":31,"column":44},"end":{"line":31,"column":75}}],"line":31},"2":{"loc":{"start":{"line":35,"column":6},"end":{"line":35,"column":58}},"type":"if","locations":[{"start":{"line":35,"column":6},"end":{"line":35,"column":58}},{"start":{},"end":{}}],"line":35},"3":{"loc":{"start":{"line":36,"column":6},"end":{"line":36,"column":55}},"type":"if","locations":[{"start":{"line":36,"column":6},"end":{"line":36,"column":55}},{"start":{},"end":{}}],"line":36},"4":{"loc":{"start":{"line":56,"column":4},"end":{"line":56,"column":83}},"type":"if","locations":[{"start":{"line":56,"column":4},"end":{"line":56,"column":83}},{"start":{},"end":{}}],"line":56}},"s":{"0":0,"1":0,"2":0,"3":0,"4":0,"5":0,"6":0,"7":0,"8":0,"9":0,"10":0,"11":0,"12":0,"13":0,"14":0,"15":0,"16":0,"17":0,"18":0,"19":0,"20":0,"21":0,"22":0,"23":0,"24":0,"25":0,"26":0,"27":0,"28":0},"f":{"0":0,"1":0},"b":{"0":[0,0],"1":[0,0,0],"2":[0,0],"3":[0,0],"4":[0,0]}}
,"/Users/amaansiddique/Downloads/Energise_fitness/backend/routes/authRoutes.js": {"path":"/Users/amaansiddique/Downloads/Energise_fitness/backend/routes/authRoutes.js","statementMap":{"0":{"start":{"line":1,"column":16},"end":{"line":1,"column":34}},"1":{"start":{"line":2,"column":15},"end":{"line":2,"column":31}},"2":{"start":{"line":3,"column":13},"end":{"line":3,"column":38}},"3":{"start":{"line":5,"column":0},"end":{"line":18,"column":3}},"4":{"start":{"line":6,"column":2},"end":{"line":17,"column":3}},"5":{"start":{"line":7,"column":17},"end":{"line":7,"column":62}},"6":{"start":{"line":8,"column":4},"end":{"line":8,"column":79}},"7":{"start":{"line":8,"column":15},"end":{"line":8,"column":79}},"8":{"start":{"line":9,"column":20},"end":{"line":9,"column":65}},"9":{"start":{"line":10,"column":4},"end":{"line":10,"column":82}},"10":{"start":{"line":10,"column":18},"end":{"line":10,"column":82}},"11":{"start":{"line":11,"column":18},"end":{"line":11,"column":44}},"12":{"start":{"line":12,"column":4},"end":{"line":12,"column":24}},"13":{"start":{"line":14,"column":4},"end":{"line":14,"column":76}},"14":{"start":{"line":16,"column":4},"end":{"line":16,"column":14}},"15":{"start":{"line":20,"column":0},"end":{"line":20,"column":24}}},"fnMap":{"0":{"name":"(anonymous_0)","decl":{"start":{"line":5,"column":22},"end":{"line":5,"column":23}},"loc":{"start":{"line":5,"column":48},"end":{"line":18,"column":1}},"line":5}},"branchMap":{"0":{"loc":{"start":{"line":8,"column":4},"end":{"line":8,"column":79}},"type":"if","locations":[{"start":{"line":8,"column":4},"end":{"line":8,"column":79}},{"start":{},"end":{}}],"line":8},"1":{"loc":{"start":{"line":10,"column":4},"end":{"line":10,"column":82}},"type":"if","locations":[{"start":{"line":10,"column":4},"end":{"line":10,"column":82}},{"start":{},"end":{}}],"line":10},"2":{"loc":{"start":{"line":14,"column":34},"end":{"line":14,"column":74}},"type":"binary-expr","locations":[{"start":{"line":14,"column":34},"end":{"line":14,"column":37}},{"start":{"line":14,"column":42},"end":{"line":14,"column":51}},{"start":{"line":14,"column":55},"end":{"line":14,"column":66}},{"start":{"line":14,"column":70},"end":{"line":14,"column":73}}],"line":14}},"s":{"0":0,"1":0,"2":0,"3":0,"4":0,"5":0,"6":0,"7":0,"8":0,"9":0,"10":0,"11":0,"12":0,"13":0,"14":0,"15":0},"f":{"0":0},"b":{"0":[0,0],"1":[0,0],"2":[0,0,0,0]}}
,"/Users/amaansiddique/Downloads/Energise_fitness/backend/routes/contactRoutes.js": {"path":"/Users/amaansiddique/Downloads/Energise_fitness/backend/routes/contactRoutes.js","statementMap":{"0":{"start":{"line":1,"column":16},"end":{"line":1,"column":34}},"1":{"start":{"line":2,"column":15},"end":{"line":2,"column":31}},"2":{"start":{"line":3,"column":16},"end":{"line":3,"column":44}},"3":{"start":{"line":6,"column":0},"end":{"line":34,"column":3}},"4":{"start":{"line":7,"column":2},"end":{"line":33,"column":3}},"5":{"start":{"line":8,"column":4},"end":{"line":8,"column":65}},"6":{"start":{"line":9,"column":59},"end":{"line":9,"column":73}},"7":{"start":{"line":10,"column":4},"end":{"line":12,"column":5}},"8":{"start":{"line":11,"column":6},"end":{"line":11,"column":92}},"9":{"start":{"line":13,"column":20},"end":{"line":13,"column":79}},"10":{"start":{"line":14,"column":4},"end":{"line":14,"column":25}},"11":{"start":{"line":15,"column":4},"end":{"line":15,"column":68}},"12":{"start":{"line":18,"column":15},"end":{"line":18,"column":32}},"13":{"start":{"line":19,"column":4},"end":{"line":27,"column":5}},"14":{"start":{"line":20,"column":6},"end":{"line":25,"column":9}},"15":{"start":{"line":26,"column":6},"end":{"line":26,"column":73}},"16":{"start":{"line":29,"column":4},"end":{"line":29,"column":72}},"17":{"start":{"line":31,"column":4},"end":{"line":31,"column":48}},"18":{"start":{"line":32,"column":4},"end":{"line":32,"column":54}},"19":{"start":{"line":37,"column":0},"end":{"line":45,"column":3}},"20":{"start":{"line":38,"column":2},"end":{"line":44,"column":3}},"21":{"start":{"line":39,"column":18},"end":{"line":39,"column":73}},"22":{"start":{"line":40,"column":4},"end":{"line":40,"column":34}},"23":{"start":{"line":42,"column":4},"end":{"line":42,"column":53}},"24":{"start":{"line":43,"column":4},"end":{"line":43,"column":54}},"25":{"start":{"line":47,"column":0},"end":{"line":47,"column":24}}},"fnMap":{"0":{"name":"(anonymous_0)","decl":{"start":{"line":6,"column":17},"end":{"line":6,"column":18}},"loc":{"start":{"line":6,"column":37},"end":{"line":34,"column":1}},"line":6},"1":{"name":"(anonymous_1)","decl":{"start":{"line":37,"column":16},"end":{"line":37,"column":17}},"loc":{"start":{"line":37,"column":36},"end":{"line":45,"column":1}},"line":37}},"branchMap":{"0":{"loc":{"start":{"line":9,"column":59},"end":{"line":9,"column":73}},"type":"binary-expr","locations":[{"start":{"line":9,"column":59},"end":{"line":9,"column":67}},{"start":{"line":9,"column":71},"end":{"line":9,"column":73}}],"line":9},"1":{"loc":{"start":{"line":10,"column":4},"end":{"line":12,"column":5}},"type":"if","locations":[{"start":{"line":10,"column":4},"end":{"line":12,"column":5}},{"start":{},"end":{}}],"line":10},"2":{"loc":{"start":{"line":10,"column":8},"end":{"line":10,"column":40}},"type":"binary-expr","locations":[{"start":{"line":10,"column":8},"end":{"line":10,"column":18}},{"start":{"line":10,"column":22},"end":{"line":10,"column":28}},{"start":{"line":10,"column":32},"end":{"line":10,"column":40}}],"line":10},"3":{"loc":{"start":{"line":19,"column":4},"end":{"line":27,"column":5}},"type":"if","locations":[{"start":{"line":19,"column":4},"end":{"line":27,"column":5}},{"start":{},"end":{}}],"line":19},"4":{"loc":{"start":{"line":23,"column":50},"end":{"line":23,"column":64}},"type":"binary-expr","locations":[{"start":{"line":23,"column":50},"end":{"line":23,"column":58}},{"start":{"line":23,"column":62},"end":{"line":23,"column":64}}],"line":23}},"s":{"0":0,"1":0,"2":0,"3":0,"4":0,"5":0,"6":0,"7":0,"8":0,"9":0,"10":0,"11":0,"12":0,"13":0,"14":0,"15":0,"16":0,"17":0,"18":0,"19":0,"20":0,"21":0,"22":0,"23":0,"24":0,"25":0},"f":{"0":0,"1":0},"b":{"0":[0,0],"1":[0,0],"2":[0,0,0],"3":[0,0],"4":[0,0]}}
,"/Users/amaansiddique/Downloads/Energise_fitness/backend/routes/redisExampleRoutes.js": {"path":"/Users/amaansiddique/Downloads/Energise_fitness/backend/routes/redisExampleRoutes.js","statementMap":{"0":{"start":{"line":2,"column":16},"end":{"line":2,"column":34}},"1":{"start":{"line":3,"column":44},"end":{"line":3,"column":69}},"2":{"start":{"line":4,"column":15},"end":{"line":4,"column":31}},"3":{"start":{"line":7,"column":0},"end":{"line":37,"column":3}},"4":{"start":{"line":8,"column":2},"end":{"line":36,"column":3}},"5":{"start":{"line":9,"column":19},"end":{"line":9,"column":32}},"6":{"start":{"line":10,"column":21},"end":{"line":10,"column":45}},"7":{"start":{"line":13,"column":15},"end":{"line":13,"column":39}},"8":{"start":{"line":15,"column":4},"end":{"line":18,"column":5}},"9":{"start":{"line":16,"column":6},"end":{"line":16,"column":55}},"10":{"start":{"line":17,"column":6},"end":{"line":17,"column":55}},"11":{"start":{"line":21,"column":4},"end":{"line":21,"column":57}},"12":{"start":{"line":22,"column":21},"end":{"line":27,"column":5}},"13":{"start":{"line":30,"column":4},"end":{"line":30,"column":45}},"14":{"start":{"line":31,"column":4},"end":{"line":31,"column":42}},"15":{"start":{"line":33,"column":4},"end":{"line":33,"column":53}},"16":{"start":{"line":35,"column":4},"end":{"line":35,"column":51}},"17":{"start":{"line":40,"column":0},"end":{"line":67,"column":3}},"18":{"start":{"line":41,"column":2},"end":{"line":66,"column":3}},"19":{"start":{"line":42,"column":19},"end":{"line":42,"column":36}},"20":{"start":{"line":43,"column":21},"end":{"line":43,"column":51}},"21":{"start":{"line":46,"column":24},"end":{"line":46,"column":48}},"22":{"start":{"line":48,"column":4},"end":{"line":51,"column":5}},"23":{"start":{"line":49,"column":6},"end":{"line":49,"column":58}},"24":{"start":{"line":50,"column":6},"end":{"line":50,"column":61}},"25":{"start":{"line":54,"column":29},"end":{"line":57,"column":5}},"26":{"start":{"line":60,"column":4},"end":{"line":60,"column":53}},"27":{"start":{"line":61,"column":4},"end":{"line":61,"column":42}},"28":{"start":{"line":63,"column":4},"end":{"line":63,"column":56}},"29":{"start":{"line":65,"column":4},"end":{"line":65,"column":51}},"30":{"start":{"line":70,"column":0},"end":{"line":90,"column":3}},"31":{"start":{"line":71,"column":2},"end":{"line":89,"column":3}},"32":{"start":{"line":72,"column":19},"end":{"line":72,"column":32}},"33":{"start":{"line":73,"column":21},"end":{"line":73,"column":45}},"34":{"start":{"line":76,"column":24},"end":{"line":76,"column":51}},"35":{"start":{"line":79,"column":4},"end":{"line":79,"column":32}},"36":{"start":{"line":80,"column":4},"end":{"line":80,"column":57}},"37":{"start":{"line":83,"column":4},"end":{"line":83,"column":48}},"38":{"start":{"line":84,"column":4},"end":{"line":84,"column":41}},"39":{"start":{"line":86,"column":4},"end":{"line":86,"column":61}},"40":{"start":{"line":88,"column":4},"end":{"line":88,"column":51}},"41":{"start":{"line":92,"column":0},"end":{"line":92,"column":24}}},"fnMap":{"0":{"name":"(anonymous_0)","decl":{"start":{"line":7,"column":25},"end":{"line":7,"column":26}},"loc":{"start":{"line":7,"column":45},"end":{"line":37,"column":1}},"line":7},"1":{"name":"(anonymous_1)","decl":{"start":{"line":40,"column":37},"end":{"line":40,"column":38}},"loc":{"start":{"line":40,"column":57},"end":{"line":67,"column":1}},"line":40},"2":{"name":"(anonymous_2)","decl":{"start":{"line":70,"column":25},"end":{"line":70,"column":26}},"loc":{"start":{"line":70,"column":45},"end":{"line":90,"column":1}},"line":70}},"branchMap":{"0":{"loc":{"start":{"line":15,"column":4},"end":{"line":18,"column":5}},"type":"if","locations":[{"start":{"line":15,"column":4},"end":{"line":18,"column":5}},{"start":{},"end":{}}],"line":15},"1":{"loc":{"start":{"line":48,"column":4},"end":{"line":51,"column":5}},"type":"if","locations":[{"start":{"line":48,"column":4},"end":{"line":51,"column":5}},{"start":{},"end":{}}],"line":48}},"s":{"0":0,"1":0,"2":0,"3":0,"4":0,"5":0,"6":0,"7":0,"8":0,"9":0,"10":0,"11":0,"12":0,"13":0,"14":0,"15":0,"16":0,"17":0,"18":0,"19":0,"20":0,"21":0,"22":0,"23":0,"24":0,"25":0,"26":0,"27":0,"28":0,"29":0,"30":0,"31":0,"32":0,"33":0,"34":0,"35":0,"36":0,"37":0,"38":0,"39":0,"40":0,"41":0},"f":{"0":0,"1":0,"2":0},"b":{"0":[0,0],"1":[0,0]}}
,"/Users/amaansiddique/Downloads/Energise_fitness/backend/routes/redisStatus.js": {"path":"/Users/amaansiddique/Downloads/Energise_fitness/backend/routes/redisStatus.js","statementMap":{"0":{"start":{"line":1,"column":16},"end":{"line":1,"column":34}},"1":{"start":{"line":2,"column":15},"end":{"line":2,"column":31}},"2":{"start":{"line":3,"column":19},"end":{"line":3,"column":44}},"3":{"start":{"line":6,"column":0},"end":{"line":22,"column":3}},"4":{"start":{"line":7,"column":2},"end":{"line":21,"column":3}},"5":{"start":{"line":8,"column":20},"end":{"line":8,"column":36}},"6":{"start":{"line":10,"column":15},"end":{"line":10,"column":19}},"7":{"start":{"line":11,"column":4},"end":{"line":11,"column":66}},"8":{"start":{"line":11,"column":10},"end":{"line":11,"column":37}},"9":{"start":{"line":11,"column":52},"end":{"line":11,"column":64}},"10":{"start":{"line":14,"column":17},"end":{"line":14,"column":21}},"11":{"start":{"line":15,"column":4},"end":{"line":15,"column":72}},"12":{"start":{"line":15,"column":10},"end":{"line":15,"column":41}},"13":{"start":{"line":15,"column":56},"end":{"line":15,"column":70}},"14":{"start":{"line":17,"column":4},"end":{"line":17,"column":51}},"15":{"start":{"line":19,"column":4},"end":{"line":19,"column":53}},"16":{"start":{"line":20,"column":4},"end":{"line":20,"column":67}},"17":{"start":{"line":24,"column":0},"end":{"line":24,"column":24}}},"fnMap":{"0":{"name":"(anonymous_0)","decl":{"start":{"line":6,"column":22},"end":{"line":6,"column":23}},"loc":{"start":{"line":6,"column":42},"end":{"line":22,"column":1}},"line":6}},"branchMap":{},"s":{"0":0,"1":0,"2":0,"3":0,"4":0,"5":0,"6":0,"7":0,"8":0,"9":0,"10":0,"11":0,"12":0,"13":0,"14":0,"15":0,"16":0,"17":0},"f":{"0":0},"b":{}}
,"/Users/amaansiddique/Downloads/Energise_fitness/backend/routes/subscriptionRoutes.js": {"path":"/Users/amaansiddique/Downloads/Energise_fitness/backend/routes/subscriptionRoutes.js","statementMap":{"0":{"start":{"line":1,"column":16},"end":{"line":1,"column":34}},"1":{"start":{"line":2,"column":15},"end":{"line":2,"column":31}},"2":{"start":{"line":3,"column":13},"end":{"line":3,"column":42}},"3":{"start":{"line":4,"column":21},"end":{"line":4,"column":54}},"4":{"start":{"line":5,"column":31},"end":{"line":5,"column":63}},"5":{"start":{"line":10,"column":0},"end":{"line":40,"column":3}},"6":{"start":{"line":11,"column":2},"end":{"line":39,"column":3}},"7":{"start":{"line":12,"column":21},"end":{"line":12,"column":32}},"8":{"start":{"line":13,"column":17},"end":{"line":13,"column":21}},"9":{"start":{"line":15,"column":4},"end":{"line":19,"column":5}},"10":{"start":{"line":16,"column":6},"end":{"line":16,"column":40}},"11":{"start":{"line":18,"column":6},"end":{"line":18,"column":61}},"12":{"start":{"line":21,"column":4},"end":{"line":21,"column":64}},"13":{"start":{"line":21,"column":16},"end":{"line":21,"column":64}},"14":{"start":{"line":23,"column":18},"end":{"line":27,"column":5}},"15":{"start":{"line":29,"column":4},"end":{"line":33,"column":5}},"16":{"start":{"line":30,"column":6},"end":{"line":30,"column":45}},"17":{"start":{"line":32,"column":6},"end":{"line":32,"column":61}},"18":{"start":{"line":35,"column":4},"end":{"line":35,"column":45}},"19":{"start":{"line":37,"column":4},"end":{"line":37,"column":48}},"20":{"start":{"line":38,"column":4},"end":{"line":38,"column":61}},"21":{"start":{"line":45,"column":0},"end":{"line":86,"column":3}},"22":{"start":{"line":46,"column":2},"end":{"line":85,"column":3}},"23":{"start":{"line":47,"column":4},"end":{"line":47,"column":51}},"24":{"start":{"line":49,"column":4},"end":{"line":51,"column":5}},"25":{"start":{"line":50,"column":6},"end":{"line":50,"column":78}},"26":{"start":{"line":53,"column":95},"end":{"line":53,"column":103}},"27":{"start":{"line":55,"column":4},"end":{"line":57,"column":5}},"28":{"start":{"line":56,"column":6},"end":{"line":56,"column":78}},"29":{"start":{"line":59,"column":25},"end":{"line":59,"column":38}},"30":{"start":{"line":60,"column":4},"end":{"line":62,"column":5}},"31":{"start":{"line":61,"column":6},"end":{"line":61,"column":64}},"32":{"start":{"line":64,"column":25},"end":{"line":75,"column":6}},"33":{"start":{"line":77,"column":18},"end":{"line":77,"column":43}},"34":{"start":{"line":78,"column":4},"end":{"line":78,"column":57}},"35":{"start":{"line":80,"column":4},"end":{"line":80,"column":72}},"36":{"start":{"line":83,"column":4},"end":{"line":83,"column":57}},"37":{"start":{"line":84,"column":4},"end":{"line":84,"column":81}},"38":{"start":{"line":91,"column":0},"end":{"line":103,"column":3}},"39":{"start":{"line":92,"column":2},"end":{"line":102,"column":3}},"40":{"start":{"line":93,"column":17},"end":{"line":96,"column":13}},"41":{"start":{"line":98,"column":4},"end":{"line":98,"column":60}},"42":{"start":{"line":100,"column":4},"end":{"line":100,"column":46}},"43":{"start":{"line":101,"column":4},"end":{"line":101,"column":72}},"44":{"start":{"line":105,"column":0},"end":{"line":105,"column":24}}},"fnMap":{"0":{"name":"(anonymous_0)","decl":{"start":{"line":10,"column":21},"end":{"line":10,"column":22}},"loc":{"start":{"line":10,"column":41},"end":{"line":40,"column":1}},"line":10},"1":{"name":"(anonymous_1)","decl":{"start":{"line":45,"column":23},"end":{"line":45,"column":24}},"loc":{"start":{"line":45,"column":43},"end":{"line":86,"column":1}},"line":45},"2":{"name":"(anonymous_2)","decl":{"start":{"line":91,"column":28},"end":{"line":91,"column":29}},"loc":{"start":{"line":91,"column":48},"end":{"line":103,"column":1}},"line":91}},"branchMap":{"0":{"loc":{"start":{"line":21,"column":4},"end":{"line":21,"column":64}},"type":"if","locations":[{"start":{"line":21,"column":4},"end":{"line":21,"column":64}},{"start":{},"end":{}}],"line":21},"1":{"loc":{"start":{"line":49,"column":4},"end":{"line":51,"column":5}},"type":"if","locations":[{"start":{"line":49,"column":4},"end":{"line":51,"column":5}},{"start":{},"end":{}}],"line":49},"2":{"loc":{"start":{"line":49,"column":8},"end":{"line":49,"column":33}},"type":"binary-expr","locations":[{"start":{"line":49,"column":8},"end":{"line":49,"column":17}},{"start":{"line":49,"column":21},"end":{"line":49,"column":33}}],"line":49},"3":{"loc":{"start":{"line":55,"column":4},"end":{"line":57,"column":5}},"type":"if","locations":[{"start":{"line":55,"column":4},"end":{"line":57,"column":5}},{"start":{},"end":{}}],"line":55},"4":{"loc":{"start":{"line":55,"column":8},"end":{"line":55,"column":49}},"type":"binary-expr","locations":[{"start":{"line":55,"column":8},"end":{"line":55,"column":17}},{"start":{"line":55,"column":21},"end":{"line":55,"column":49}}],"line":55},"5":{"loc":{"start":{"line":60,"column":4},"end":{"line":62,"column":5}},"type":"if","locations":[{"start":{"line":60,"column":4},"end":{"line":62,"column":5}},{"start":{},"end":{}}],"line":60},"6":{"loc":{"start":{"line":60,"column":8},"end":{"line":60,"column":48}},"type":"binary-expr","locations":[{"start":{"line":60,"column":8},"end":{"line":60,"column":27}},{"start":{"line":60,"column":31},"end":{"line":60,"column":48}}],"line":60}},"s":{"0":0,"1":0,"2":0,"3":0,"4":0,"5":0,"6":0,"7":0,"8":0,"9":0,"10":0,"11":0,"12":0,"13":0,"14":0,"15":0,"16":0,"17":0,"18":0,"19":0,"20":0,"21":0,"22":0,"23":0,"24":0,"25":0,"26":0,"27":0,"28":0,"29":0,"30":0,"31":0,"32":0,"33":0,"34":0,"35":0,"36":0,"37":0,"38":0,"39":0,"40":0,"41":0,"42":0,"43":0,"44":0},"f":{"0":0,"1":0,"2":0},"b":{"0":[0,0],"1":[0,0],"2":[0,0],"3":[0,0],"4":[0,0],"5":[0,0],"6":[0,0]}}
,"/Users/amaansiddique/Downloads/Energise_fitness/backend/routes/userRoutes.js": {"path":"/Users/amaansiddique/Downloads/Energise_fitness/backend/routes/userRoutes.js","statementMap":{"0":{"start":{"line":1,"column":16},"end":{"line":1,"column":34}},"1":{"start":{"line":2,"column":15},"end":{"line":2,"column":31}},"2":{"start":{"line":3,"column":15},"end":{"line":3,"column":34}},"3":{"start":{"line":4,"column":12},"end":{"line":4,"column":35}},"4":{"start":{"line":5,"column":13},"end":{"line":5,"column":38}},"5":{"start":{"line":8,"column":0},"end":{"line":30,"column":3}},"6":{"start":{"line":9,"column":2},"end":{"line":29,"column":3}},"7":{"start":{"line":10,"column":38},"end":{"line":10,"column":46}},"8":{"start":{"line":12,"column":4},"end":{"line":14,"column":5}},"9":{"start":{"line":13,"column":6},"end":{"line":13,"column":74}},"10":{"start":{"line":16,"column":25},"end":{"line":16,"column":54}},"11":{"start":{"line":17,"column":4},"end":{"line":19,"column":5}},"12":{"start":{"line":18,"column":6},"end":{"line":18,"column":75}},"13":{"start":{"line":21,"column":27},"end":{"line":21,"column":58}},"14":{"start":{"line":22,"column":20},"end":{"line":22,"column":71}},"15":{"start":{"line":23,"column":4},"end":{"line":23,"column":25}},"16":{"start":{"line":25,"column":4},"end":{"line":25,"column":70}},"17":{"start":{"line":27,"column":4},"end":{"line":27,"column":23}},"18":{"start":{"line":28,"column":4},"end":{"line":28,"column":54}},"19":{"start":{"line":33,"column":0},"end":{"line":55,"column":3}},"20":{"start":{"line":34,"column":2},"end":{"line":54,"column":3}},"21":{"start":{"line":35,"column":32},"end":{"line":35,"column":40}},"22":{"start":{"line":37,"column":17},"end":{"line":37,"column":46}},"23":{"start":{"line":38,"column":4},"end":{"line":38,"column":74}},"24":{"start":{"line":38,"column":15},"end":{"line":38,"column":74}},"25":{"start":{"line":40,"column":20},"end":{"line":40,"column":65}},"26":{"start":{"line":41,"column":4},"end":{"line":41,"column":79}},"27":{"start":{"line":41,"column":18},"end":{"line":41,"column":79}},"28":{"start":{"line":43,"column":17},"end":{"line":43,"column":54}},"29":{"start":{"line":44,"column":16},"end":{"line":44,"column":71}},"30":{"start":{"line":46,"column":4},"end":{"line":50,"column":7}},"31":{"start":{"line":52,"column":4},"end":{"line":52,"column":23}},"32":{"start":{"line":53,"column":4},"end":{"line":53,"column":54}},"33":{"start":{"line":57,"column":0},"end":{"line":57,"column":24}}},"fnMap":{"0":{"name":"(anonymous_0)","decl":{"start":{"line":8,"column":25},"end":{"line":8,"column":26}},"loc":{"start":{"line":8,"column":45},"end":{"line":30,"column":1}},"line":8},"1":{"name":"(anonymous_1)","decl":{"start":{"line":33,"column":22},"end":{"line":33,"column":23}},"loc":{"start":{"line":33,"column":42},"end":{"line":55,"column":1}},"line":33}},"branchMap":{"0":{"loc":{"start":{"line":12,"column":4},"end":{"line":14,"column":5}},"type":"if","locations":[{"start":{"line":12,"column":4},"end":{"line":14,"column":5}},{"start":{},"end":{}}],"line":12},"1":{"loc":{"start":{"line":12,"column":8},"end":{"line":12,"column":36}},"type":"binary-expr","locations":[{"start":{"line":12,"column":8},"end":{"line":12,"column":13}},{"start":{"line":12,"column":17},"end":{"line":12,"column":23}},{"start":{"line":12,"column":27},"end":{"line":12,"column":36}}],"line":12},"2":{"loc":{"start":{"line":17,"column":4},"end":{"line":19,"column":5}},"type":"if","locations":[{"start":{"line":17,"column":4},"end":{"line":19,"column":5}},{"start":{},"end":{}}],"line":17},"3":{"loc":{"start":{"line":38,"column":4},"end":{"line":38,"column":74}},"type":"if","locations":[{"start":{"line":38,"column":4},"end":{"line":38,"column":74}},{"start":{},"end":{}}],"line":38},"4":{"loc":{"start":{"line":41,"column":4},"end":{"line":41,"column":79}},"type":"if","locations":[{"start":{"line":41,"column":4},"end":{"line":41,"column":79}},{"start":{},"end":{}}],"line":41},"5":{"loc":{"start":{"line":43,"column":17},"end":{"line":43,"column":54}},"type":"binary-expr","locations":[{"start":{"line":43,"column":17},"end":{"line":43,"column":39}},{"start":{"line":43,"column":43},"end":{"line":43,"column":54}}],"line":43}},"s":{"0":0,"1":0,"2":0,"3":0,"4":0,"5":0,"6":0,"7":0,"8":0,"9":0,"10":0,"11":0,"12":0,"13":0,"14":0,"15":0,"16":0,"17":0,"18":0,"19":0,"20":0,"21":0,"22":0,"23":0,"24":0,"25":0,"26":0,"27":0,"28":0,"29":0,"30":0,"31":0,"32":0,"33":0},"f":{"0":0,"1":0},"b":{"0":[0,0],"1":[0,0,0],"2":[0,0],"3":[0,0],"4":[0,0],"5":[0,0]}}
}
