{"/Users/amaansiddique/Downloads/FEE_Project_2_corrected/backend/middleware/auth.js": {"path":"/Users/amaansiddique/Downloads/FEE_Project_2_corrected/backend/middleware/auth.js","statementMap":{"0":{"start":{"line":1,"column":12},"end":{"line":1,"column":35}},"1":{"start":{"line":5,"column":0},"end":{"line":31,"column":2}},"2":{"start":{"line":6,"column":21},"end":{"line":6,"column":81}},"3":{"start":{"line":7,"column":2},"end":{"line":7,"column":33}},"4":{"start":{"line":7,"column":19},"end":{"line":7,"column":33}},"5":{"start":{"line":9,"column":16},"end":{"line":9,"column":37}},"6":{"start":{"line":10,"column":2},"end":{"line":10,"column":40}},"7":{"start":{"line":10,"column":26},"end":{"line":10,"column":40}},"8":{"start":{"line":12,"column":17},"end":{"line":12,"column":25}},"9":{"start":{"line":13,"column":16},"end":{"line":13,"column":24}},"10":{"start":{"line":14,"column":2},"end":{"line":14,"column":47}},"11":{"start":{"line":14,"column":33},"end":{"line":14,"column":47}},"12":{"start":{"line":16,"column":2},"end":{"line":28,"column":3}},"13":{"start":{"line":17,"column":19},"end":{"line":17,"column":56}},"14":{"start":{"line":18,"column":20},"end":{"line":18,"column":45}},"15":{"start":{"line":19,"column":4},"end":{"line":24,"column":5}},"16":{"start":{"line":20,"column":6},"end":{"line":20,"column":30}},"17":{"start":{"line":21,"column":6},"end":{"line":21,"column":61}},"18":{"start":{"line":23,"column":6},"end":{"line":23,"column":58}},"19":{"start":{"line":27,"column":4},"end":{"line":27,"column":64}},"20":{"start":{"line":30,"column":2},"end":{"line":30,"column":16}}},"fnMap":{"0":{"name":"(anonymous_0)","decl":{"start":{"line":5,"column":17},"end":{"line":5,"column":18}},"loc":{"start":{"line":5,"column":42},"end":{"line":31,"column":1}},"line":5}},"branchMap":{"0":{"loc":{"start":{"line":6,"column":21},"end":{"line":6,"column":81}},"type":"binary-expr","locations":[{"start":{"line":6,"column":21},"end":{"line":6,"column":49}},{"start":{"line":6,"column":53},"end":{"line":6,"column":81}}],"line":6},"1":{"loc":{"start":{"line":7,"column":2},"end":{"line":7,"column":33}},"type":"if","locations":[{"start":{"line":7,"column":2},"end":{"line":7,"column":33}},{"start":{},"end":{}}],"line":7},"2":{"loc":{"start":{"line":10,"column":2},"end":{"line":10,"column":40}},"type":"if","locations":[{"start":{"line":10,"column":2},"end":{"line":10,"column":40}},{"start":{},"end":{}}],"line":10},"3":{"loc":{"start":{"line":14,"column":2},"end":{"line":14,"column":47}},"type":"if","locations":[{"start":{"line":14,"column":2},"end":{"line":14,"column":47}},{"start":{},"end":{}}],"line":14},"4":{"loc":{"start":{"line":17,"column":19},"end":{"line":17,"column":56}},"type":"binary-expr","locations":[{"start":{"line":17,"column":19},"end":{"line":17,"column":41}},{"start":{"line":17,"column":45},"end":{"line":17,"column":56}}],"line":17},"5":{"loc":{"start":{"line":19,"column":4},"end":{"line":24,"column":5}},"type":"if","locations":[{"start":{"line":19,"column":4},"end":{"line":24,"column":5}},{"start":{"line":22,"column":11},"end":{"line":24,"column":5}}],"line":19},"6":{"loc":{"start":{"line":19,"column":8},"end":{"line":19,"column":29}},"type":"binary-expr","locations":[{"start":{"line":19,"column":8},"end":{"line":19,"column":15}},{"start":{"line":19,"column":19},"end":{"line":19,"column":29}}],"line":19}},"s":{"0":0,"1":0,"2":0,"3":0,"4":0,"5":0,"6":0,"7":0,"8":0,"9":0,"10":0,"11":0,"12":0,"13":0,"14":0,"15":0,"16":0,"17":0,"18":0,"19":0,"20":0},"f":{"0":0},"b":{"0":[0,0],"1":[0,0],"2":[0,0],"3":[0,0],"4":[0,0],"5":[0,0],"6":[0,0]}}
,"/Users/amaansiddique/Downloads/FEE_Project_2_corrected/backend/models/User.js": {"path":"/Users/amaansiddique/Downloads/FEE_Project_2_corrected/backend/models/User.js","statementMap":{"0":{"start":{"line":1,"column":17},"end":{"line":1,"column":36}},"1":{"start":{"line":3,"column":19},"end":{"line":7,"column":24}},"2":{"start":{"line":9,"column":0},"end":{"line":9,"column":52}}},"fnMap":{},"branchMap":{},"s":{"0":0,"1":0,"2":0},"f":{},"b":{}}
,"/Users/amaansiddique/Downloads/FEE_Project_2_corrected/backend/models/contact.js": {"path":"/Users/amaansiddique/Downloads/FEE_Project_2_corrected/backend/models/contact.js","statementMap":{"0":{"start":{"line":1,"column":17},"end":{"line":1,"column":36}},"1":{"start":{"line":3,"column":22},"end":{"line":10,"column":2}},"2":{"start":{"line":12,"column":0},"end":{"line":12,"column":58}}},"fnMap":{},"branchMap":{},"s":{"0":0,"1":0,"2":0},"f":{},"b":{}}
,"/Users/amaansiddique/Downloads/FEE_Project_2_corrected/backend/models/order.js": {"path":"/Users/amaansiddique/Downloads/FEE_Project_2_corrected/backend/models/order.js","statementMap":{"0":{"start":{"line":1,"column":17},"end":{"line":1,"column":36}},"1":{"start":{"line":3,"column":20},"end":{"line":21,"column":2}},"2":{"start":{"line":23,"column":0},"end":{"line":23,"column":54}}},"fnMap":{},"branchMap":{},"s":{"0":0,"1":0,"2":0},"f":{},"b":{}}
,"/Users/amaansiddique/Downloads/FEE_Project_2_corrected/backend/models/subscription.js": {"path":"/Users/amaansiddique/Downloads/FEE_Project_2_corrected/backend/models/subscription.js","statementMap":{"0":{"start":{"line":1,"column":17},"end":{"line":1,"column":36}},"1":{"start":{"line":3,"column":27},"end":{"line":16,"column":2}},"2":{"start":{"line":18,"column":0},"end":{"line":18,"column":68}}},"fnMap":{},"branchMap":{},"s":{"0":0,"1":0,"2":0},"f":{},"b":{}}
,"/Users/amaansiddique/Downloads/FEE_Project_2_corrected/backend/routes/OrderRoutes.js": {"path":"/Users/amaansiddique/Downloads/FEE_Project_2_corrected/backend/routes/OrderRoutes.js","statementMap":{"0":{"start":{"line":1,"column":16},"end":{"line":1,"column":34}},"1":{"start":{"line":2,"column":15},"end":{"line":2,"column":31}},"2":{"start":{"line":3,"column":14},"end":{"line":3,"column":40}},"3":{"start":{"line":4,"column":13},"end":{"line":4,"column":42}},"4":{"start":{"line":9,"column":0},"end":{"line":37,"column":3}},"5":{"start":{"line":10,"column":2},"end":{"line":36,"column":3}},"6":{"start":{"line":11,"column":17},"end":{"line":11,"column":31}},"7":{"start":{"line":13,"column":4},"end":{"line":13,"column":105}},"8":{"start":{"line":14,"column":4},"end":{"line":14,"column":68}},"9":{"start":{"line":15,"column":4},"end":{"line":15,"column":43}},"10":{"start":{"line":15,"column":20},"end":{"line":15,"column":43}},"11":{"start":{"line":17,"column":18},"end":{"line":17,"column":33}},"12":{"start":{"line":18,"column":4},"end":{"line":18,"column":23}},"13":{"start":{"line":21,"column":15},"end":{"line":21,"column":32}},"14":{"start":{"line":22,"column":4},"end":{"line":30,"column":5}},"15":{"start":{"line":23,"column":6},"end":{"line":28,"column":9}},"16":{"start":{"line":29,"column":6},"end":{"line":29,"column":71}},"17":{"start":{"line":32,"column":4},"end":{"line":32,"column":88}},"18":{"start":{"line":34,"column":4},"end":{"line":34,"column":48}},"19":{"start":{"line":35,"column":4},"end":{"line":35,"column":75}},"20":{"start":{"line":39,"column":0},"end":{"line":39,"column":24}},"21":{"start":{"line":43,"column":0},"end":{"line":52,"column":3}},"22":{"start":{"line":44,"column":2},"end":{"line":51,"column":3}},"23":{"start":{"line":45,"column":4},"end":{"line":45,"column":83}},"24":{"start":{"line":45,"column":21},"end":{"line":45,"column":83}},"25":{"start":{"line":46,"column":19},"end":{"line":46,"column":81}},"26":{"start":{"line":47,"column":4},"end":{"line":47,"column":25}},"27":{"start":{"line":49,"column":4},"end":{"line":49,"column":56}},"28":{"start":{"line":50,"column":4},"end":{"line":50,"column":54}}},"fnMap":{"0":{"name":"(anonymous_0)","decl":{"start":{"line":9,"column":23},"end":{"line":9,"column":24}},"loc":{"start":{"line":9,"column":43},"end":{"line":37,"column":1}},"line":9},"1":{"name":"(anonymous_1)","decl":{"start":{"line":43,"column":26},"end":{"line":43,"column":27}},"loc":{"start":{"line":43,"column":46},"end":{"line":52,"column":1}},"line":43}},"branchMap":{"0":{"loc":{"start":{"line":11,"column":17},"end":{"line":11,"column":31}},"type":"binary-expr","locations":[{"start":{"line":11,"column":17},"end":{"line":11,"column":25}},{"start":{"line":11,"column":29},"end":{"line":11,"column":31}}],"line":11},"1":{"loc":{"start":{"line":15,"column":4},"end":{"line":15,"column":43}},"type":"if","locations":[{"start":{"line":15,"column":4},"end":{"line":15,"column":43}},{"start":{},"end":{}}],"line":15},"2":{"loc":{"start":{"line":22,"column":4},"end":{"line":30,"column":5}},"type":"if","locations":[{"start":{"line":22,"column":4},"end":{"line":30,"column":5}},{"start":{},"end":{}}],"line":22},"3":{"loc":{"start":{"line":26,"column":48},"end":{"line":26,"column":72}},"type":"binary-expr","locations":[{"start":{"line":26,"column":48},"end":{"line":26,"column":63}},{"start":{"line":26,"column":67},"end":{"line":26,"column":72}}],"line":26},"4":{"loc":{"start":{"line":45,"column":4},"end":{"line":45,"column":83}},"type":"if","locations":[{"start":{"line":45,"column":4},"end":{"line":45,"column":83}},{"start":{},"end":{}}],"line":45}},"s":{"0":0,"1":0,"2":0,"3":0,"4":0,"5":0,"6":0,"7":0,"8":0,"9":0,"10":0,"11":0,"12":0,"13":0,"14":0,"15":0,"16":0,"17":0,"18":0,"19":0,"20":0,"21":0,"22":0,"23":0,"24":0,"25":0,"26":0,"27":0,"28":0},"f":{"0":0,"1":0},"b":{"0":[0,0],"1":[0,0],"2":[0,0],"3":[0,0],"4":[0,0]}}
,"/Users/amaansiddique/Downloads/FEE_Project_2_corrected/backend/routes/contactRoutes.js": {"path":"/Users/amaansiddique/Downloads/FEE_Project_2_corrected/backend/routes/contactRoutes.js","statementMap":{"0":{"start":{"line":1,"column":16},"end":{"line":1,"column":34}},"1":{"start":{"line":2,"column":15},"end":{"line":2,"column":31}},"2":{"start":{"line":3,"column":16},"end":{"line":3,"column":44}},"3":{"start":{"line":6,"column":0},"end":{"line":34,"column":3}},"4":{"start":{"line":7,"column":2},"end":{"line":33,"column":3}},"5":{"start":{"line":8,"column":4},"end":{"line":8,"column":65}},"6":{"start":{"line":9,"column":59},"end":{"line":9,"column":73}},"7":{"start":{"line":10,"column":4},"end":{"line":12,"column":5}},"8":{"start":{"line":11,"column":6},"end":{"line":11,"column":92}},"9":{"start":{"line":13,"column":20},"end":{"line":13,"column":79}},"10":{"start":{"line":14,"column":4},"end":{"line":14,"column":25}},"11":{"start":{"line":15,"column":4},"end":{"line":15,"column":68}},"12":{"start":{"line":18,"column":15},"end":{"line":18,"column":32}},"13":{"start":{"line":19,"column":4},"end":{"line":27,"column":5}},"14":{"start":{"line":20,"column":6},"end":{"line":25,"column":9}},"15":{"start":{"line":26,"column":6},"end":{"line":26,"column":73}},"16":{"start":{"line":29,"column":4},"end":{"line":29,"column":72}},"17":{"start":{"line":31,"column":4},"end":{"line":31,"column":48}},"18":{"start":{"line":32,"column":4},"end":{"line":32,"column":54}},"19":{"start":{"line":37,"column":0},"end":{"line":45,"column":3}},"20":{"start":{"line":38,"column":2},"end":{"line":44,"column":3}},"21":{"start":{"line":39,"column":18},"end":{"line":39,"column":73}},"22":{"start":{"line":40,"column":4},"end":{"line":40,"column":34}},"23":{"start":{"line":42,"column":4},"end":{"line":42,"column":53}},"24":{"start":{"line":43,"column":4},"end":{"line":43,"column":54}},"25":{"start":{"line":47,"column":0},"end":{"line":47,"column":24}}},"fnMap":{"0":{"name":"(anonymous_0)","decl":{"start":{"line":6,"column":17},"end":{"line":6,"column":18}},"loc":{"start":{"line":6,"column":37},"end":{"line":34,"column":1}},"line":6},"1":{"name":"(anonymous_1)","decl":{"start":{"line":37,"column":16},"end":{"line":37,"column":17}},"loc":{"start":{"line":37,"column":36},"end":{"line":45,"column":1}},"line":37}},"branchMap":{"0":{"loc":{"start":{"line":9,"column":59},"end":{"line":9,"column":73}},"type":"binary-expr","locations":[{"start":{"line":9,"column":59},"end":{"line":9,"column":67}},{"start":{"line":9,"column":71},"end":{"line":9,"column":73}}],"line":9},"1":{"loc":{"start":{"line":10,"column":4},"end":{"line":12,"column":5}},"type":"if","locations":[{"start":{"line":10,"column":4},"end":{"line":12,"column":5}},{"start":{},"end":{}}],"line":10},"2":{"loc":{"start":{"line":10,"column":8},"end":{"line":10,"column":40}},"type":"binary-expr","locations":[{"start":{"line":10,"column":8},"end":{"line":10,"column":18}},{"start":{"line":10,"column":22},"end":{"line":10,"column":28}},{"start":{"line":10,"column":32},"end":{"line":10,"column":40}}],"line":10},"3":{"loc":{"start":{"line":19,"column":4},"end":{"line":27,"column":5}},"type":"if","locations":[{"start":{"line":19,"column":4},"end":{"line":27,"column":5}},{"start":{},"end":{}}],"line":19},"4":{"loc":{"start":{"line":23,"column":50},"end":{"line":23,"column":64}},"type":"binary-expr","locations":[{"start":{"line":23,"column":50},"end":{"line":23,"column":58}},{"start":{"line":23,"column":62},"end":{"line":23,"column":64}}],"line":23}},"s":{"0":0,"1":0,"2":0,"3":0,"4":0,"5":0,"6":0,"7":0,"8":0,"9":0,"10":0,"11":0,"12":0,"13":0,"14":0,"15":0,"16":0,"17":0,"18":0,"19":0,"20":0,"21":0,"22":0,"23":0,"24":0,"25":0},"f":{"0":0,"1":0},"b":{"0":[0,0],"1":[0,0],"2":[0,0,0],"3":[0,0],"4":[0,0]}}
,"/Users/amaansiddique/Downloads/FEE_Project_2_corrected/backend/routes/subscriptionRoutes.js": {"path":"/Users/amaansiddique/Downloads/FEE_Project_2_corrected/backend/routes/subscriptionRoutes.js","statementMap":{"0":{"start":{"line":1,"column":16},"end":{"line":1,"column":34}},"1":{"start":{"line":2,"column":15},"end":{"line":2,"column":31}},"2":{"start":{"line":3,"column":13},"end":{"line":3,"column":42}},"3":{"start":{"line":4,"column":21},"end":{"line":4,"column":54}},"4":{"start":{"line":5,"column":14},"end":{"line":5,"column":40}},"5":{"start":{"line":9,"column":0},"end":{"line":70,"column":3}},"6":{"start":{"line":10,"column":2},"end":{"line":69,"column":3}},"7":{"start":{"line":11,"column":4},"end":{"line":11,"column":109}},"8":{"start":{"line":12,"column":4},"end":{"line":12,"column":51}},"9":{"start":{"line":13,"column":17},"end":{"line":13,"column":31}},"10":{"start":{"line":14,"column":4},"end":{"line":14,"column":43}},"11":{"start":{"line":14,"column":20},"end":{"line":14,"column":43}},"12":{"start":{"line":17,"column":4},"end":{"line":19,"column":5}},"13":{"start":{"line":18,"column":6},"end":{"line":18,"column":82}},"14":{"start":{"line":21,"column":25},"end":{"line":32,"column":6}},"15":{"start":{"line":34,"column":4},"end":{"line":34,"column":30}},"16":{"start":{"line":37,"column":22},"end":{"line":48,"column":5}},"17":{"start":{"line":50,"column":18},"end":{"line":50,"column":38}},"18":{"start":{"line":51,"column":4},"end":{"line":51,"column":23}},"19":{"start":{"line":54,"column":15},"end":{"line":54,"column":32}},"20":{"start":{"line":55,"column":4},"end":{"line":63,"column":5}},"21":{"start":{"line":56,"column":6},"end":{"line":61,"column":9}},"22":{"start":{"line":62,"column":6},"end":{"line":62,"column":78}},"23":{"start":{"line":65,"column":4},"end":{"line":65,"column":116}},"24":{"start":{"line":67,"column":4},"end":{"line":67,"column":53}},"25":{"start":{"line":68,"column":4},"end":{"line":68,"column":83}},"26":{"start":{"line":73,"column":0},"end":{"line":82,"column":3}},"27":{"start":{"line":74,"column":2},"end":{"line":81,"column":3}},"28":{"start":{"line":75,"column":4},"end":{"line":75,"column":83}},"29":{"start":{"line":75,"column":21},"end":{"line":75,"column":83}},"30":{"start":{"line":76,"column":17},"end":{"line":76,"column":86}},"31":{"start":{"line":77,"column":4},"end":{"line":77,"column":38}},"32":{"start":{"line":79,"column":4},"end":{"line":79,"column":58}},"33":{"start":{"line":80,"column":4},"end":{"line":80,"column":54}},"34":{"start":{"line":84,"column":0},"end":{"line":84,"column":24}}},"fnMap":{"0":{"name":"(anonymous_0)","decl":{"start":{"line":9,"column":23},"end":{"line":9,"column":24}},"loc":{"start":{"line":9,"column":43},"end":{"line":70,"column":1}},"line":9},"1":{"name":"(anonymous_1)","decl":{"start":{"line":73,"column":26},"end":{"line":73,"column":27}},"loc":{"start":{"line":73,"column":46},"end":{"line":82,"column":1}},"line":73}},"branchMap":{"0":{"loc":{"start":{"line":13,"column":17},"end":{"line":13,"column":31}},"type":"binary-expr","locations":[{"start":{"line":13,"column":17},"end":{"line":13,"column":25}},{"start":{"line":13,"column":29},"end":{"line":13,"column":31}}],"line":13},"1":{"loc":{"start":{"line":14,"column":4},"end":{"line":14,"column":43}},"type":"if","locations":[{"start":{"line":14,"column":4},"end":{"line":14,"column":43}},{"start":{},"end":{}}],"line":14},"2":{"loc":{"start":{"line":17,"column":4},"end":{"line":19,"column":5}},"type":"if","locations":[{"start":{"line":17,"column":4},"end":{"line":19,"column":5}},{"start":{},"end":{}}],"line":17},"3":{"loc":{"start":{"line":17,"column":8},"end":{"line":17,"column":37}},"type":"binary-expr","locations":[{"start":{"line":17,"column":8},"end":{"line":17,"column":22}},{"start":{"line":17,"column":26},"end":{"line":17,"column":37}}],"line":17},"4":{"loc":{"start":{"line":55,"column":4},"end":{"line":63,"column":5}},"type":"if","locations":[{"start":{"line":55,"column":4},"end":{"line":63,"column":5}},{"start":{},"end":{}}],"line":55},"5":{"loc":{"start":{"line":75,"column":4},"end":{"line":75,"column":83}},"type":"if","locations":[{"start":{"line":75,"column":4},"end":{"line":75,"column":83}},{"start":{},"end":{}}],"line":75}},"s":{"0":0,"1":0,"2":0,"3":0,"4":0,"5":0,"6":0,"7":0,"8":0,"9":0,"10":0,"11":0,"12":0,"13":0,"14":0,"15":0,"16":0,"17":0,"18":0,"19":0,"20":0,"21":0,"22":0,"23":0,"24":0,"25":0,"26":0,"27":0,"28":0,"29":0,"30":0,"31":0,"32":0,"33":0,"34":0},"f":{"0":0,"1":0},"b":{"0":[0,0],"1":[0,0],"2":[0,0],"3":[0,0],"4":[0,0],"5":[0,0]}}
,"/Users/amaansiddique/Downloads/FEE_Project_2_corrected/backend/routes/userRoutes.js": {"path":"/Users/amaansiddique/Downloads/FEE_Project_2_corrected/backend/routes/userRoutes.js","statementMap":{"0":{"start":{"line":1,"column":16},"end":{"line":1,"column":34}},"1":{"start":{"line":2,"column":15},"end":{"line":2,"column":31}},"2":{"start":{"line":3,"column":15},"end":{"line":3,"column":34}},"3":{"start":{"line":4,"column":12},"end":{"line":4,"column":35}},"4":{"start":{"line":5,"column":13},"end":{"line":5,"column":38}},"5":{"start":{"line":8,"column":0},"end":{"line":30,"column":3}},"6":{"start":{"line":9,"column":2},"end":{"line":29,"column":3}},"7":{"start":{"line":10,"column":38},"end":{"line":10,"column":46}},"8":{"start":{"line":12,"column":4},"end":{"line":14,"column":5}},"9":{"start":{"line":13,"column":6},"end":{"line":13,"column":74}},"10":{"start":{"line":16,"column":25},"end":{"line":16,"column":54}},"11":{"start":{"line":17,"column":4},"end":{"line":19,"column":5}},"12":{"start":{"line":18,"column":6},"end":{"line":18,"column":75}},"13":{"start":{"line":21,"column":27},"end":{"line":21,"column":58}},"14":{"start":{"line":22,"column":20},"end":{"line":22,"column":71}},"15":{"start":{"line":23,"column":4},"end":{"line":23,"column":25}},"16":{"start":{"line":25,"column":4},"end":{"line":25,"column":70}},"17":{"start":{"line":27,"column":4},"end":{"line":27,"column":23}},"18":{"start":{"line":28,"column":4},"end":{"line":28,"column":54}},"19":{"start":{"line":33,"column":0},"end":{"line":55,"column":3}},"20":{"start":{"line":34,"column":2},"end":{"line":54,"column":3}},"21":{"start":{"line":35,"column":32},"end":{"line":35,"column":40}},"22":{"start":{"line":37,"column":17},"end":{"line":37,"column":46}},"23":{"start":{"line":38,"column":4},"end":{"line":38,"column":74}},"24":{"start":{"line":38,"column":15},"end":{"line":38,"column":74}},"25":{"start":{"line":40,"column":20},"end":{"line":40,"column":65}},"26":{"start":{"line":41,"column":4},"end":{"line":41,"column":79}},"27":{"start":{"line":41,"column":18},"end":{"line":41,"column":79}},"28":{"start":{"line":43,"column":17},"end":{"line":43,"column":54}},"29":{"start":{"line":44,"column":16},"end":{"line":44,"column":71}},"30":{"start":{"line":46,"column":4},"end":{"line":50,"column":7}},"31":{"start":{"line":52,"column":4},"end":{"line":52,"column":23}},"32":{"start":{"line":53,"column":4},"end":{"line":53,"column":54}},"33":{"start":{"line":57,"column":0},"end":{"line":57,"column":24}}},"fnMap":{"0":{"name":"(anonymous_0)","decl":{"start":{"line":8,"column":25},"end":{"line":8,"column":26}},"loc":{"start":{"line":8,"column":45},"end":{"line":30,"column":1}},"line":8},"1":{"name":"(anonymous_1)","decl":{"start":{"line":33,"column":22},"end":{"line":33,"column":23}},"loc":{"start":{"line":33,"column":42},"end":{"line":55,"column":1}},"line":33}},"branchMap":{"0":{"loc":{"start":{"line":12,"column":4},"end":{"line":14,"column":5}},"type":"if","locations":[{"start":{"line":12,"column":4},"end":{"line":14,"column":5}},{"start":{},"end":{}}],"line":12},"1":{"loc":{"start":{"line":12,"column":8},"end":{"line":12,"column":36}},"type":"binary-expr","locations":[{"start":{"line":12,"column":8},"end":{"line":12,"column":13}},{"start":{"line":12,"column":17},"end":{"line":12,"column":23}},{"start":{"line":12,"column":27},"end":{"line":12,"column":36}}],"line":12},"2":{"loc":{"start":{"line":17,"column":4},"end":{"line":19,"column":5}},"type":"if","locations":[{"start":{"line":17,"column":4},"end":{"line":19,"column":5}},{"start":{},"end":{}}],"line":17},"3":{"loc":{"start":{"line":38,"column":4},"end":{"line":38,"column":74}},"type":"if","locations":[{"start":{"line":38,"column":4},"end":{"line":38,"column":74}},{"start":{},"end":{}}],"line":38},"4":{"loc":{"start":{"line":41,"column":4},"end":{"line":41,"column":79}},"type":"if","locations":[{"start":{"line":41,"column":4},"end":{"line":41,"column":79}},{"start":{},"end":{}}],"line":41},"5":{"loc":{"start":{"line":43,"column":17},"end":{"line":43,"column":54}},"type":"binary-expr","locations":[{"start":{"line":43,"column":17},"end":{"line":43,"column":39}},{"start":{"line":43,"column":43},"end":{"line":43,"column":54}}],"line":43}},"s":{"0":0,"1":0,"2":0,"3":0,"4":0,"5":0,"6":0,"7":0,"8":0,"9":0,"10":0,"11":0,"12":0,"13":0,"14":0,"15":0,"16":0,"17":0,"18":0,"19":0,"20":0,"21":0,"22":0,"23":0,"24":0,"25":0,"26":0,"27":0,"28":0,"29":0,"30":0,"31":0,"32":0,"33":0},"f":{"0":0,"1":0},"b":{"0":[0,0],"1":[0,0,0],"2":[0,0],"3":[0,0],"4":[0,0],"5":[0,0]}}
}
